[0.076s] DEBUG:colcon:Command line arguments: ['/usr/bin/colcon', 'build', '--symlink-install']
[0.076s] DEBUG:colcon:Parsed command line arguments: Namespace(log_base=None, log_level=None, verb_name='build', build_base='build', install_base='install', merge_install=False, symlink_install=True, test_result_base=None, continue_on_error=False, executor='parallel', parallel_workers=10, event_handlers=None, ignore_user_meta=False, metas=['./colcon.meta'], base_paths=['.'], packages_ignore=None, packages_ignore_regex=None, paths=None, packages_up_to=None, packages_up_to_regex=None, packages_above=None, packages_above_and_dependencies=None, packages_above_depth=None, packages_select_by_dep=None, packages_skip_by_dep=None, packages_skip_up_to=None, packages_select_build_failed=False, packages_skip_build_finished=False, packages_select_test_failures=False, packages_skip_test_passed=False, packages_select=None, packages_skip=None, packages_select_regex=None, packages_skip_regex=None, packages_start=None, packages_end=None, allow_overriding=[], cmake_args=None, cmake_target=None, cmake_target_skip_unavailable=False, cmake_clean_cache=False, cmake_clean_first=False, cmake_force_configure=False, ament_cmake_args=None, catkin_cmake_args=None, catkin_skip_building_tests=False, mixin_files=None, mixin=None, verb_parser=<colcon_mixin.mixin.mixin_argument.MixinArgumentDecorator object at 0x7a0364fcb370>, verb_extension=<colcon_core.verb.build.BuildVerb object at 0x7a0364fca710>, main=<bound method BuildVerb.main of <colcon_core.verb.build.BuildVerb object at 0x7a0364fca710>>, mixin_verb=('build',))
[0.179s] Level 1:colcon.colcon_core.package_discovery:discover_packages(colcon_meta) check parameters
[0.180s] Level 1:colcon.colcon_core.package_discovery:discover_packages(recursive) check parameters
[0.180s] Level 1:colcon.colcon_core.package_discovery:discover_packages(ignore) check parameters
[0.180s] Level 1:colcon.colcon_core.package_discovery:discover_packages(path) check parameters
[0.180s] Level 1:colcon.colcon_core.package_discovery:discover_packages(colcon_meta) discover
[0.180s] Level 1:colcon.colcon_core.package_discovery:discover_packages(recursive) discover
[0.180s] INFO:colcon.colcon_core.package_discovery:Crawling recursively for packages in '/home/kevin/ros2_yolo11'
[0.180s] Level 1:colcon.colcon_core.package_identification:_identify(.) by extensions ['ignore', 'ignore_ament_install']
[0.180s] Level 1:colcon.colcon_core.package_identification:_identify(.) by extension 'ignore'
[0.180s] Level 1:colcon.colcon_core.package_identification:_identify(.) by extension 'ignore_ament_install'
[0.180s] Level 1:colcon.colcon_core.package_identification:_identify(.) by extensions ['colcon_pkg']
[0.180s] Level 1:colcon.colcon_core.package_identification:_identify(.) by extension 'colcon_pkg'
[0.180s] Level 1:colcon.colcon_core.package_identification:_identify(.) by extensions ['colcon_meta']
[0.180s] Level 1:colcon.colcon_core.package_identification:_identify(.) by extension 'colcon_meta'
[0.180s] Level 1:colcon.colcon_core.package_identification:_identify(.) by extensions ['ros']
[0.180s] Level 1:colcon.colcon_core.package_identification:_identify(.) by extension 'ros'
[0.187s] Level 1:colcon.colcon_core.package_identification:_identify(.) by extensions ['cmake', 'python']
[0.187s] Level 1:colcon.colcon_core.package_identification:_identify(.) by extension 'cmake'
[0.187s] Level 1:colcon.colcon_core.package_identification:_identify(.) by extension 'python'
[0.187s] Level 1:colcon.colcon_core.package_identification:_identify(.) by extensions ['python_setup_py']
[0.187s] Level 1:colcon.colcon_core.package_identification:_identify(.) by extension 'python_setup_py'
[0.187s] Level 1:colcon.colcon_core.package_identification:_identify(build) by extensions ['ignore', 'ignore_ament_install']
[0.187s] Level 1:colcon.colcon_core.package_identification:_identify(build) by extension 'ignore'
[0.187s] Level 1:colcon.colcon_core.package_identification:_identify(build) ignored
[0.187s] Level 1:colcon.colcon_core.package_identification:_identify(install) by extensions ['ignore', 'ignore_ament_install']
[0.187s] Level 1:colcon.colcon_core.package_identification:_identify(install) by extension 'ignore'
[0.187s] Level 1:colcon.colcon_core.package_identification:_identify(install) ignored
[0.187s] Level 1:colcon.colcon_core.package_identification:_identify(log) by extensions ['ignore', 'ignore_ament_install']
[0.187s] Level 1:colcon.colcon_core.package_identification:_identify(log) by extension 'ignore'
[0.187s] Level 1:colcon.colcon_core.package_identification:_identify(log) ignored
[0.187s] Level 1:colcon.colcon_core.package_identification:_identify(src) by extensions ['ignore', 'ignore_ament_install']
[0.187s] Level 1:colcon.colcon_core.package_identification:_identify(src) by extension 'ignore'
[0.187s] Level 1:colcon.colcon_core.package_identification:_identify(src) by extension 'ignore_ament_install'
[0.187s] Level 1:colcon.colcon_core.package_identification:_identify(src) by extensions ['colcon_pkg']
[0.187s] Level 1:colcon.colcon_core.package_identification:_identify(src) by extension 'colcon_pkg'
[0.187s] Level 1:colcon.colcon_core.package_identification:_identify(src) by extensions ['colcon_meta']
[0.187s] Level 1:colcon.colcon_core.package_identification:_identify(src) by extension 'colcon_meta'
[0.187s] Level 1:colcon.colcon_core.package_identification:_identify(src) by extensions ['ros']
[0.187s] Level 1:colcon.colcon_core.package_identification:_identify(src) by extension 'ros'
[0.187s] Level 1:colcon.colcon_core.package_identification:_identify(src) by extensions ['cmake', 'python']
[0.187s] Level 1:colcon.colcon_core.package_identification:_identify(src) by extension 'cmake'
[0.187s] Level 1:colcon.colcon_core.package_identification:_identify(src) by extension 'python'
[0.187s] Level 1:colcon.colcon_core.package_identification:_identify(src) by extensions ['python_setup_py']
[0.187s] Level 1:colcon.colcon_core.package_identification:_identify(src) by extension 'python_setup_py'
[0.188s] Level 1:colcon.colcon_core.package_identification:_identify(src/my_package) by extensions ['ignore', 'ignore_ament_install']
[0.188s] Level 1:colcon.colcon_core.package_identification:_identify(src/my_package) by extension 'ignore'
[0.188s] Level 1:colcon.colcon_core.package_identification:_identify(src/my_package) by extension 'ignore_ament_install'
[0.188s] Level 1:colcon.colcon_core.package_identification:_identify(src/my_package) by extensions ['colcon_pkg']
[0.188s] Level 1:colcon.colcon_core.package_identification:_identify(src/my_package) by extension 'colcon_pkg'
[0.188s] Level 1:colcon.colcon_core.package_identification:_identify(src/my_package) by extensions ['colcon_meta']
[0.188s] Level 1:colcon.colcon_core.package_identification:_identify(src/my_package) by extension 'colcon_meta'
[0.188s] Level 1:colcon.colcon_core.package_identification:_identify(src/my_package) by extensions ['ros']
[0.188s] Level 1:colcon.colcon_core.package_identification:_identify(src/my_package) by extension 'ros'
[0.189s] DEBUG:colcon.colcon_core.package_identification:Package 'src/my_package' with type 'ros.ament_python' and name 'my_package'
[0.189s] Level 1:colcon.colcon_core.package_identification:_identify(src/yolo_recognition) by extensions ['ignore', 'ignore_ament_install']
[0.190s] Level 1:colcon.colcon_core.package_identification:_identify(src/yolo_recognition) by extension 'ignore'
[0.190s] Level 1:colcon.colcon_core.package_identification:_identify(src/yolo_recognition) by extension 'ignore_ament_install'
[0.190s] Level 1:colcon.colcon_core.package_identification:_identify(src/yolo_recognition) by extensions ['colcon_pkg']
[0.190s] Level 1:colcon.colcon_core.package_identification:_identify(src/yolo_recognition) by extension 'colcon_pkg'
[0.190s] Level 1:colcon.colcon_core.package_identification:_identify(src/yolo_recognition) by extensions ['colcon_meta']
[0.190s] Level 1:colcon.colcon_core.package_identification:_identify(src/yolo_recognition) by extension 'colcon_meta'
[0.190s] Level 1:colcon.colcon_core.package_identification:_identify(src/yolo_recognition) by extensions ['ros']
[0.190s] Level 1:colcon.colcon_core.package_identification:_identify(src/yolo_recognition) by extension 'ros'
[0.190s] DEBUG:colcon.colcon_core.package_identification:Package 'src/yolo_recognition' with type 'ros.ament_python' and name 'yolo_recognition'
[0.190s] Level 1:colcon.colcon_core.package_discovery:discover_packages(recursive) using defaults
[0.190s] Level 1:colcon.colcon_core.package_discovery:discover_packages(ignore) discover
[0.190s] Level 1:colcon.colcon_core.package_discovery:discover_packages(ignore) using defaults
[0.190s] Level 1:colcon.colcon_core.package_discovery:discover_packages(path) discover
[0.190s] Level 1:colcon.colcon_core.package_discovery:discover_packages(path) using defaults
[0.211s] Level 1:colcon.colcon_core.package_discovery:discover_packages(prefix_path) check parameters
[0.211s] Level 1:colcon.colcon_core.package_discovery:discover_packages(prefix_path) discover
[0.212s] DEBUG:colcon.colcon_installed_package_information.package_discovery:Found 2 installed packages in /home/kevin/ros2_yolo11/install
[0.212s] DEBUG:colcon.colcon_installed_package_information.package_discovery:Found 8 installed packages in /home/kevin/ros2_ws/install
[0.213s] DEBUG:colcon.colcon_installed_package_information.package_discovery:Found 295 installed packages in /opt/ros/humble
[0.214s] Level 1:colcon.colcon_core.package_discovery:discover_packages(prefix_path) using defaults
[0.241s] Level 5:colcon.colcon_core.verb:set package 'my_package' build argument 'cmake_args' from command line to 'None'
[0.242s] Level 5:colcon.colcon_core.verb:set package 'my_package' build argument 'cmake_target' from command line to 'None'
[0.242s] Level 5:colcon.colcon_core.verb:set package 'my_package' build argument 'cmake_target_skip_unavailable' from command line to 'False'
[0.242s] Level 5:colcon.colcon_core.verb:set package 'my_package' build argument 'cmake_clean_cache' from command line to 'False'
[0.242s] Level 5:colcon.colcon_core.verb:set package 'my_package' build argument 'cmake_clean_first' from command line to 'False'
[0.242s] Level 5:colcon.colcon_core.verb:set package 'my_package' build argument 'cmake_force_configure' from command line to 'False'
[0.242s] Level 5:colcon.colcon_core.verb:set package 'my_package' build argument 'ament_cmake_args' from command line to 'None'
[0.242s] Level 5:colcon.colcon_core.verb:set package 'my_package' build argument 'catkin_cmake_args' from command line to 'None'
[0.242s] Level 5:colcon.colcon_core.verb:set package 'my_package' build argument 'catkin_skip_building_tests' from command line to 'False'
[0.242s] DEBUG:colcon.colcon_core.verb:Building package 'my_package' with the following arguments: {'ament_cmake_args': None, 'build_base': '/home/kevin/ros2_yolo11/build/my_package', 'catkin_cmake_args': None, 'catkin_skip_building_tests': False, 'cmake_args': None, 'cmake_clean_cache': False, 'cmake_clean_first': False, 'cmake_force_configure': False, 'cmake_target': None, 'cmake_target_skip_unavailable': False, 'install_base': '/home/kevin/ros2_yolo11/install/my_package', 'merge_install': False, 'path': '/home/kevin/ros2_yolo11/src/my_package', 'symlink_install': True, 'test_result_base': None}
[0.242s] Level 5:colcon.colcon_core.verb:set package 'yolo_recognition' build argument 'cmake_args' from command line to 'None'
[0.242s] Level 5:colcon.colcon_core.verb:set package 'yolo_recognition' build argument 'cmake_target' from command line to 'None'
[0.242s] Level 5:colcon.colcon_core.verb:set package 'yolo_recognition' build argument 'cmake_target_skip_unavailable' from command line to 'False'
[0.242s] Level 5:colcon.colcon_core.verb:set package 'yolo_recognition' build argument 'cmake_clean_cache' from command line to 'False'
[0.242s] Level 5:colcon.colcon_core.verb:set package 'yolo_recognition' build argument 'cmake_clean_first' from command line to 'False'
[0.242s] Level 5:colcon.colcon_core.verb:set package 'yolo_recognition' build argument 'cmake_force_configure' from command line to 'False'
[0.242s] Level 5:colcon.colcon_core.verb:set package 'yolo_recognition' build argument 'ament_cmake_args' from command line to 'None'
[0.242s] Level 5:colcon.colcon_core.verb:set package 'yolo_recognition' build argument 'catkin_cmake_args' from command line to 'None'
[0.243s] Level 5:colcon.colcon_core.verb:set package 'yolo_recognition' build argument 'catkin_skip_building_tests' from command line to 'False'
[0.243s] DEBUG:colcon.colcon_core.verb:Building package 'yolo_recognition' with the following arguments: {'ament_cmake_args': None, 'build_base': '/home/kevin/ros2_yolo11/build/yolo_recognition', 'catkin_cmake_args': None, 'catkin_skip_building_tests': False, 'cmake_args': None, 'cmake_clean_cache': False, 'cmake_clean_first': False, 'cmake_force_configure': False, 'cmake_target': None, 'cmake_target_skip_unavailable': False, 'install_base': '/home/kevin/ros2_yolo11/install/yolo_recognition', 'merge_install': False, 'path': '/home/kevin/ros2_yolo11/src/yolo_recognition', 'symlink_install': True, 'test_result_base': None}
[0.243s] INFO:colcon.colcon_core.executor:Executing jobs using 'parallel' executor
[0.243s] DEBUG:colcon.colcon_parallel_executor.executor.parallel:run_until_complete
[0.244s] INFO:colcon.colcon_ros.task.ament_python.build:Building ROS package in '/home/kevin/ros2_yolo11/src/my_package' with build type 'ament_python'
[0.244s] Level 1:colcon.colcon_core.shell:create_environment_hook('my_package', 'ament_prefix_path')
[0.246s] INFO:colcon.colcon_core.plugin_system:Skipping extension 'colcon_core.shell.bat': Not used on non-Windows systems
[0.246s] INFO:colcon.colcon_core.shell:Creating environment hook '/home/kevin/ros2_yolo11/install/my_package/share/my_package/hook/ament_prefix_path.ps1'
[0.247s] INFO:colcon.colcon_core.shell:Creating environment descriptor '/home/kevin/ros2_yolo11/install/my_package/share/my_package/hook/ament_prefix_path.dsv'
[0.247s] INFO:colcon.colcon_core.shell:Creating environment hook '/home/kevin/ros2_yolo11/install/my_package/share/my_package/hook/ament_prefix_path.sh'
[0.247s] INFO:colcon.colcon_core.shell:Skip shell extension 'powershell' for command environment: Not usable outside of PowerShell
[0.248s] DEBUG:colcon.colcon_core.shell:Skip shell extension 'dsv' for command environment
[0.250s] INFO:colcon.colcon_ros.task.ament_python.build:Building ROS package in '/home/kevin/ros2_yolo11/src/yolo_recognition' with build type 'ament_python'
[0.250s] Level 1:colcon.colcon_core.shell:create_environment_hook('yolo_recognition', 'ament_prefix_path')
[0.250s] INFO:colcon.colcon_core.shell:Creating environment hook '/home/kevin/ros2_yolo11/install/yolo_recognition/share/yolo_recognition/hook/ament_prefix_path.ps1'
[0.251s] INFO:colcon.colcon_core.shell:Creating environment descriptor '/home/kevin/ros2_yolo11/install/yolo_recognition/share/yolo_recognition/hook/ament_prefix_path.dsv'
[0.251s] INFO:colcon.colcon_core.shell:Creating environment hook '/home/kevin/ros2_yolo11/install/yolo_recognition/share/yolo_recognition/hook/ament_prefix_path.sh'
[0.252s] INFO:colcon.colcon_core.shell:Skip shell extension 'powershell' for command environment: Not usable outside of PowerShell
[0.252s] DEBUG:colcon.colcon_core.shell:Skip shell extension 'dsv' for command environment
[0.432s] INFO:colcon.colcon_core.task.python.build:Building Python package in '/home/kevin/ros2_yolo11/src/my_package'
[0.432s] INFO:colcon.colcon_core.shell:Skip shell extension 'powershell' for command environment: Not usable outside of PowerShell
[0.432s] DEBUG:colcon.colcon_core.shell:Skip shell extension 'dsv' for command environment
[0.594s] INFO:colcon.colcon_core.task.python.build:Building Python package in '/home/kevin/ros2_yolo11/src/yolo_recognition'
[0.595s] INFO:colcon.colcon_core.shell:Skip shell extension 'powershell' for command environment: Not usable outside of PowerShell
[0.595s] DEBUG:colcon.colcon_core.shell:Skip shell extension 'dsv' for command environment
[0.819s] DEBUG:colcon.colcon_core.task.python.build:While undoing a previous installation files outside the Python library path are being ignored: /home/kevin/ros2_yolo11/install/yolo_recognition/share/ament_index/resource_index/packages/yolo_recognition
[0.819s] DEBUG:colcon.colcon_core.task.python.build:While undoing a previous installation files outside the Python library path are being ignored: /home/kevin/ros2_yolo11/install/yolo_recognition/share/yolo_recognition/package.xml
[0.819s] DEBUG:colcon.colcon_core.task.python.build:While undoing a previous installation files outside the Python library path are being ignored: /home/kevin/ros2_yolo11/install/yolo_recognition/lib/yolo_recognition/listener
[0.819s] DEBUG:colcon.colcon_core.task.python.build:While undoing a previous installation files outside the Python library path are being ignored: /home/kevin/ros2_yolo11/install/yolo_recognition/lib/yolo_recognition/talker
[0.821s] DEBUG:colcon.colcon_core.event_handler.log_command:Invoking command in '/home/kevin/ros2_yolo11/build/yolo_recognition': PYTHONPATH=/home/kevin/ros2_yolo11/build/yolo_recognition/prefix_override:/usr/lib/python3/dist-packages/colcon_core/task/python/colcon_distutils_commands:/home/kevin/ros2_yolo11/install/yolo_recognition/lib/python3.10/site-packages:${PYTHONPATH} /usr/bin/python3 -W ignore:setup.py install is deprecated -W ignore:easy_install command is deprecated setup.py develop --editable --build-directory /home/kevin/ros2_yolo11/build/yolo_recognition/build --no-deps symlink_data --force
[0.823s] DEBUG:colcon.colcon_core.task.python.build:While undoing a previous installation files outside the Python library path are being ignored: /home/kevin/ros2_yolo11/install/my_package/share/ament_index/resource_index/packages/my_package
[0.823s] DEBUG:colcon.colcon_core.task.python.build:While undoing a previous installation files outside the Python library path are being ignored: /home/kevin/ros2_yolo11/install/my_package/share/my_package/package.xml
[0.823s] DEBUG:colcon.colcon_core.task.python.build:While undoing a previous installation files outside the Python library path are being ignored: /home/kevin/ros2_yolo11/install/my_package/lib/my_package/my_node
[0.826s] DEBUG:colcon.colcon_core.event_handler.log_command:Invoking command in '/home/kevin/ros2_yolo11/build/my_package': PYTHONPATH=/home/kevin/ros2_yolo11/build/my_package/prefix_override:/usr/lib/python3/dist-packages/colcon_core/task/python/colcon_distutils_commands:/home/kevin/ros2_yolo11/install/my_package/lib/python3.10/site-packages:${PYTHONPATH} /usr/bin/python3 -W ignore:setup.py install is deprecated -W ignore:easy_install command is deprecated setup.py develop --editable --build-directory /home/kevin/ros2_yolo11/build/my_package/build --no-deps symlink_data --force
[1.100s] Level 1:colcon.colcon_core.shell:create_environment_hook('yolo_recognition', 'pythonpath_develop')
[1.100s] INFO:colcon.colcon_core.shell:Creating environment hook '/home/kevin/ros2_yolo11/build/yolo_recognition/share/yolo_recognition/hook/pythonpath_develop.ps1'
[1.101s] DEBUG:colcon.colcon_core.event_handler.log_command:Invoked command in '/home/kevin/ros2_yolo11/build/yolo_recognition' returned '0': PYTHONPATH=/home/kevin/ros2_yolo11/build/yolo_recognition/prefix_override:/usr/lib/python3/dist-packages/colcon_core/task/python/colcon_distutils_commands:/home/kevin/ros2_yolo11/install/yolo_recognition/lib/python3.10/site-packages:${PYTHONPATH} /usr/bin/python3 -W ignore:setup.py install is deprecated -W ignore:easy_install command is deprecated setup.py develop --editable --build-directory /home/kevin/ros2_yolo11/build/yolo_recognition/build --no-deps symlink_data --force
[1.101s] INFO:colcon.colcon_core.shell:Creating environment descriptor '/home/kevin/ros2_yolo11/build/yolo_recognition/share/yolo_recognition/hook/pythonpath_develop.dsv'
[1.102s] INFO:colcon.colcon_core.shell:Creating environment hook '/home/kevin/ros2_yolo11/build/yolo_recognition/share/yolo_recognition/hook/pythonpath_develop.sh'
[1.103s] Level 1:colcon.colcon_core.environment:checking '/home/kevin/ros2_yolo11/install/yolo_recognition' for CMake module files
[1.104s] Level 1:colcon.colcon_core.environment:checking '/home/kevin/ros2_yolo11/install/yolo_recognition' for CMake config files
[1.104s] Level 1:colcon.colcon_core.environment:checking '/home/kevin/ros2_yolo11/install/yolo_recognition/lib'
[1.104s] Level 1:colcon.colcon_core.environment:checking '/home/kevin/ros2_yolo11/install/yolo_recognition/bin'
[1.104s] Level 1:colcon.colcon_core.environment:checking '/home/kevin/ros2_yolo11/install/yolo_recognition/lib/pkgconfig/yolo_recognition.pc'
[1.105s] Level 1:colcon.colcon_core.environment:checking '/home/kevin/ros2_yolo11/install/yolo_recognition/lib/python3.10/site-packages'
[1.105s] Level 1:colcon.colcon_core.shell:create_environment_hook('yolo_recognition', 'pythonpath')
[1.105s] INFO:colcon.colcon_core.shell:Creating environment hook '/home/kevin/ros2_yolo11/install/yolo_recognition/share/yolo_recognition/hook/pythonpath.ps1'
[1.105s] INFO:colcon.colcon_core.shell:Creating environment descriptor '/home/kevin/ros2_yolo11/install/yolo_recognition/share/yolo_recognition/hook/pythonpath.dsv'
[1.105s] INFO:colcon.colcon_core.shell:Creating environment hook '/home/kevin/ros2_yolo11/install/yolo_recognition/share/yolo_recognition/hook/pythonpath.sh'
[1.106s] Level 1:colcon.colcon_core.environment:checking '/home/kevin/ros2_yolo11/install/yolo_recognition/bin'
[1.106s] Level 1:colcon.colcon_core.environment:create_environment_scripts_only(yolo_recognition)
[1.106s] INFO:colcon.colcon_core.shell:Creating package script '/home/kevin/ros2_yolo11/install/yolo_recognition/share/yolo_recognition/package.ps1'
[1.107s] INFO:colcon.colcon_core.shell:Creating package descriptor '/home/kevin/ros2_yolo11/install/yolo_recognition/share/yolo_recognition/package.dsv'
[1.107s] INFO:colcon.colcon_core.shell:Creating package script '/home/kevin/ros2_yolo11/install/yolo_recognition/share/yolo_recognition/package.sh'
[1.108s] INFO:colcon.colcon_core.shell:Creating package script '/home/kevin/ros2_yolo11/install/yolo_recognition/share/yolo_recognition/package.bash'
[1.108s] INFO:colcon.colcon_core.shell:Creating package script '/home/kevin/ros2_yolo11/install/yolo_recognition/share/yolo_recognition/package.zsh'
[1.109s] Level 1:colcon.colcon_core.environment:create_file_with_runtime_dependencies(/home/kevin/ros2_yolo11/install/yolo_recognition/share/colcon-core/packages/yolo_recognition)
[1.110s] Level 1:colcon.colcon_core.shell:create_environment_hook('my_package', 'pythonpath_develop')
[1.111s] INFO:colcon.colcon_core.shell:Creating environment hook '/home/kevin/ros2_yolo11/build/my_package/share/my_package/hook/pythonpath_develop.ps1'
[1.111s] DEBUG:colcon.colcon_core.event_handler.log_command:Invoked command in '/home/kevin/ros2_yolo11/build/my_package' returned '0': PYTHONPATH=/home/kevin/ros2_yolo11/build/my_package/prefix_override:/usr/lib/python3/dist-packages/colcon_core/task/python/colcon_distutils_commands:/home/kevin/ros2_yolo11/install/my_package/lib/python3.10/site-packages:${PYTHONPATH} /usr/bin/python3 -W ignore:setup.py install is deprecated -W ignore:easy_install command is deprecated setup.py develop --editable --build-directory /home/kevin/ros2_yolo11/build/my_package/build --no-deps symlink_data --force
[1.111s] INFO:colcon.colcon_core.shell:Creating environment descriptor '/home/kevin/ros2_yolo11/build/my_package/share/my_package/hook/pythonpath_develop.dsv'
[1.112s] INFO:colcon.colcon_core.shell:Creating environment hook '/home/kevin/ros2_yolo11/build/my_package/share/my_package/hook/pythonpath_develop.sh'
[1.112s] Level 1:colcon.colcon_core.environment:checking '/home/kevin/ros2_yolo11/install/my_package' for CMake module files
[1.112s] Level 1:colcon.colcon_core.environment:checking '/home/kevin/ros2_yolo11/install/my_package' for CMake config files
[1.113s] Level 1:colcon.colcon_core.environment:checking '/home/kevin/ros2_yolo11/install/my_package/lib'
[1.113s] Level 1:colcon.colcon_core.environment:checking '/home/kevin/ros2_yolo11/install/my_package/bin'
[1.113s] Level 1:colcon.colcon_core.environment:checking '/home/kevin/ros2_yolo11/install/my_package/lib/pkgconfig/my_package.pc'
[1.113s] Level 1:colcon.colcon_core.environment:checking '/home/kevin/ros2_yolo11/install/my_package/lib/python3.10/site-packages'
[1.113s] Level 1:colcon.colcon_core.shell:create_environment_hook('my_package', 'pythonpath')
[1.113s] INFO:colcon.colcon_core.shell:Creating environment hook '/home/kevin/ros2_yolo11/install/my_package/share/my_package/hook/pythonpath.ps1'
[1.113s] INFO:colcon.colcon_core.shell:Creating environment descriptor '/home/kevin/ros2_yolo11/install/my_package/share/my_package/hook/pythonpath.dsv'
[1.114s] INFO:colcon.colcon_core.shell:Creating environment hook '/home/kevin/ros2_yolo11/install/my_package/share/my_package/hook/pythonpath.sh'
[1.114s] Level 1:colcon.colcon_core.environment:checking '/home/kevin/ros2_yolo11/install/my_package/bin'
[1.114s] Level 1:colcon.colcon_core.environment:create_environment_scripts_only(my_package)
[1.115s] INFO:colcon.colcon_core.shell:Creating package script '/home/kevin/ros2_yolo11/install/my_package/share/my_package/package.ps1'
[1.115s] INFO:colcon.colcon_core.shell:Creating package descriptor '/home/kevin/ros2_yolo11/install/my_package/share/my_package/package.dsv'
[1.115s] INFO:colcon.colcon_core.shell:Creating package script '/home/kevin/ros2_yolo11/install/my_package/share/my_package/package.sh'
[1.116s] INFO:colcon.colcon_core.shell:Creating package script '/home/kevin/ros2_yolo11/install/my_package/share/my_package/package.bash'
[1.116s] INFO:colcon.colcon_core.shell:Creating package script '/home/kevin/ros2_yolo11/install/my_package/share/my_package/package.zsh'
[1.116s] Level 1:colcon.colcon_core.environment:create_file_with_runtime_dependencies(/home/kevin/ros2_yolo11/install/my_package/share/colcon-core/packages/my_package)
[1.117s] DEBUG:colcon.colcon_parallel_executor.executor.parallel:closing loop
[1.117s] DEBUG:colcon.colcon_parallel_executor.executor.parallel:loop closed
[1.117s] DEBUG:colcon.colcon_parallel_executor.executor.parallel:run_until_complete finished with '0'
[1.117s] DEBUG:colcon.colcon_core.event_reactor:joining thread
[1.121s] INFO:colcon.colcon_core.plugin_system:Skipping extension 'colcon_notification.desktop_notification.terminal_notifier': Not used on non-Darwin systems
[1.121s] INFO:colcon.colcon_core.plugin_system:Skipping extension 'colcon_notification.desktop_notification.win32': Not used on non-Windows systems
[1.121s] INFO:colcon.colcon_notification.desktop_notification:Sending desktop notification using 'notify2'
[1.132s] DEBUG:colcon.colcon_core.event_reactor:joined thread
[1.132s] INFO:colcon.colcon_core.shell:Creating prefix script '/home/kevin/ros2_yolo11/install/local_setup.ps1'
[1.133s] INFO:colcon.colcon_core.shell:Creating prefix util module '/home/kevin/ros2_yolo11/install/_local_setup_util_ps1.py'
[1.134s] INFO:colcon.colcon_core.shell:Creating prefix chain script '/home/kevin/ros2_yolo11/install/setup.ps1'
[1.135s] INFO:colcon.colcon_core.shell:Creating prefix script '/home/kevin/ros2_yolo11/install/local_setup.sh'
[1.135s] INFO:colcon.colcon_core.shell:Creating prefix util module '/home/kevin/ros2_yolo11/install/_local_setup_util_sh.py'
[1.136s] INFO:colcon.colcon_core.shell:Creating prefix chain script '/home/kevin/ros2_yolo11/install/setup.sh'
[1.137s] INFO:colcon.colcon_core.shell:Creating prefix script '/home/kevin/ros2_yolo11/install/local_setup.bash'
[1.137s] INFO:colcon.colcon_core.shell:Creating prefix chain script '/home/kevin/ros2_yolo11/install/setup.bash'
[1.138s] INFO:colcon.colcon_core.shell:Creating prefix script '/home/kevin/ros2_yolo11/install/local_setup.zsh'
[1.138s] INFO:colcon.colcon_core.shell:Creating prefix chain script '/home/kevin/ros2_yolo11/install/setup.zsh'
