[0.568s] Invoking command in '/home/kevin/ros2_yolo11/build/my_package': PYTHONPATH=/home/kevin/ros2_yolo11/build/my_package/prefix_override:/usr/lib/python3/dist-packages/colcon_core/task/python/colcon_distutils_commands:/home/kevin/ros2_yolo11/install/my_package/lib/python3.10/site-packages:${PYTHONPATH} /usr/bin/python3 -W ignore:setup.py install is deprecated -W ignore:easy_install command is deprecated setup.py develop --uninstall --editable --build-directory /home/kevin/ros2_yolo11/build/my_package/build
[0.715s] running develop
[0.808s] Removing /home/kevin/ros2_yolo11/install/my_package/lib/python3.10/site-packages/my-package.egg-link (link to .)
[0.829s] Invoked command in '/home/kevin/ros2_yolo11/build/my_package' returned '0': PYTHONPATH=/home/kevin/ros2_yolo11/build/my_package/prefix_override:/usr/lib/python3/dist-packages/colcon_core/task/python/colcon_distutils_commands:/home/kevin/ros2_yolo11/install/my_package/lib/python3.10/site-packages:${PYTHONPATH} /usr/bin/python3 -W ignore:setup.py install is deprecated -W ignore:easy_install command is deprecated setup.py develop --uninstall --editable --build-directory /home/kevin/ros2_yolo11/build/my_package/build
[0.831s] Invoking command in '/home/kevin/ros2_yolo11/src/my_package': PYTHONPATH=/home/kevin/ros2_yolo11/build/my_package/prefix_override:/usr/lib/python3/dist-packages/colcon_core/task/python/colcon_distutils_commands:/home/kevin/ros2_yolo11/install/my_package/lib/python3.10/site-packages:${PYTHONPATH} /usr/bin/python3 -W ignore:setup.py install is deprecated -W ignore:easy_install command is deprecated setup.py egg_info --egg-base ../../build/my_package build --build-base /home/kevin/ros2_yolo11/build/my_package/build install --record /home/kevin/ros2_yolo11/build/my_package/install.log --single-version-externally-managed install_data --force
[0.977s] running egg_info
[0.977s] writing ../../build/my_package/my_package.egg-info/PKG-INFO
[0.978s] writing dependency_links to ../../build/my_package/my_package.egg-info/dependency_links.txt
[0.978s] writing entry points to ../../build/my_package/my_package.egg-info/entry_points.txt
[0.978s] writing requirements to ../../build/my_package/my_package.egg-info/requires.txt
[0.978s] writing top-level names to ../../build/my_package/my_package.egg-info/top_level.txt
[0.979s] reading manifest file '../../build/my_package/my_package.egg-info/SOURCES.txt'
[0.979s] adding license file 'LICENSE'
[0.980s] writing manifest file '../../build/my_package/my_package.egg-info/SOURCES.txt'
[0.980s] running build
[0.980s] running build_py
[0.980s] running install
[0.980s] running install_lib
[0.981s] creating /home/kevin/ros2_yolo11/install/my_package/lib/python3.10/site-packages/my_package
[0.981s] copying /home/kevin/ros2_yolo11/build/my_package/build/lib/my_package/my_node.py -> /home/kevin/ros2_yolo11/install/my_package/lib/python3.10/site-packages/my_package
[0.981s] copying /home/kevin/ros2_yolo11/build/my_package/build/lib/my_package/__init__.py -> /home/kevin/ros2_yolo11/install/my_package/lib/python3.10/site-packages/my_package
[0.982s] byte-compiling /home/kevin/ros2_yolo11/install/my_package/lib/python3.10/site-packages/my_package/my_node.py to my_node.cpython-310.pyc
[0.982s] byte-compiling /home/kevin/ros2_yolo11/install/my_package/lib/python3.10/site-packages/my_package/__init__.py to __init__.cpython-310.pyc
[0.982s] running install_data
[0.982s] copying resource/my_package -> /home/kevin/ros2_yolo11/install/my_package/share/ament_index/resource_index/packages
[0.982s] copying package.xml -> /home/kevin/ros2_yolo11/install/my_package/share/my_package
[0.982s] running install_egg_info
[0.984s] Copying ../../build/my_package/my_package.egg-info to /home/kevin/ros2_yolo11/install/my_package/lib/python3.10/site-packages/my_package-0.0.0-py3.10.egg-info
[0.984s] running install_scripts
[0.998s] Installing my_node script to /home/kevin/ros2_yolo11/install/my_package/lib/my_package
[0.999s] writing list of installed files to '/home/kevin/ros2_yolo11/build/my_package/install.log'
[1.017s] Invoked command in '/home/kevin/ros2_yolo11/src/my_package' returned '0': PYTHONPATH=/home/kevin/ros2_yolo11/build/my_package/prefix_override:/usr/lib/python3/dist-packages/colcon_core/task/python/colcon_distutils_commands:/home/kevin/ros2_yolo11/install/my_package/lib/python3.10/site-packages:${PYTHONPATH} /usr/bin/python3 -W ignore:setup.py install is deprecated -W ignore:easy_install command is deprecated setup.py egg_info --egg-base ../../build/my_package build --build-base /home/kevin/ros2_yolo11/build/my_package/build install --record /home/kevin/ros2_yolo11/build/my_package/install.log --single-version-externally-managed install_data --force
