[0.554s] Invoking command in '/home/kevin/ros2_yolo11/build/yolo_recognition': PYTHONPATH=/home/kevin/ros2_yolo11/build/yolo_recognition/prefix_override:/usr/lib/python3/dist-packages/colcon_core/task/python/colcon_distutils_commands:/home/kevin/ros2_yolo11/install/yolo_recognition/lib/python3.10/site-packages:${PYTHONPATH} /usr/bin/python3 -W ignore:setup.py install is deprecated -W ignore:easy_install command is deprecated setup.py develop --uninstall --editable --build-directory /home/kevin/ros2_yolo11/build/yolo_recognition/build
[0.710s] running develop
[0.807s] Removing /home/kevin/ros2_yolo11/install/yolo_recognition/lib/python3.10/site-packages/yolo-recognition.egg-link (link to .)
[0.834s] Invoked command in '/home/kevin/ros2_yolo11/build/yolo_recognition' returned '0': PYTHONPATH=/home/kevin/ros2_yolo11/build/yolo_recognition/prefix_override:/usr/lib/python3/dist-packages/colcon_core/task/python/colcon_distutils_commands:/home/kevin/ros2_yolo11/install/yolo_recognition/lib/python3.10/site-packages:${PYTHONPATH} /usr/bin/python3 -W ignore:setup.py install is deprecated -W ignore:easy_install command is deprecated setup.py develop --uninstall --editable --build-directory /home/kevin/ros2_yolo11/build/yolo_recognition/build
[0.835s] Invoking command in '/home/kevin/ros2_yolo11/src/yolo_recognition': PYTHONPATH=/home/kevin/ros2_yolo11/build/yolo_recognition/prefix_override:/usr/lib/python3/dist-packages/colcon_core/task/python/colcon_distutils_commands:/home/kevin/ros2_yolo11/install/yolo_recognition/lib/python3.10/site-packages:${PYTHONPATH} /usr/bin/python3 -W ignore:setup.py install is deprecated -W ignore:easy_install command is deprecated setup.py egg_info --egg-base ../../build/yolo_recognition build --build-base /home/kevin/ros2_yolo11/build/yolo_recognition/build install --record /home/kevin/ros2_yolo11/build/yolo_recognition/install.log --single-version-externally-managed install_data --force
[0.977s] running egg_info
[0.978s] writing ../../build/yolo_recognition/yolo_recognition.egg-info/PKG-INFO
[0.978s] writing dependency_links to ../../build/yolo_recognition/yolo_recognition.egg-info/dependency_links.txt
[0.978s] writing entry points to ../../build/yolo_recognition/yolo_recognition.egg-info/entry_points.txt
[0.979s] writing requirements to ../../build/yolo_recognition/yolo_recognition.egg-info/requires.txt
[0.979s] writing top-level names to ../../build/yolo_recognition/yolo_recognition.egg-info/top_level.txt
[0.980s] reading manifest file '../../build/yolo_recognition/yolo_recognition.egg-info/SOURCES.txt'
[0.980s] adding license file 'LICENSE'
[0.981s] writing manifest file '../../build/yolo_recognition/yolo_recognition.egg-info/SOURCES.txt'
[0.981s] running build
[0.981s] running build_py
[0.982s] copying yolo_recognition/webcam_publisher.py -> /home/kevin/ros2_yolo11/build/yolo_recognition/build/lib/yolo_recognition
[0.982s] copying yolo_recognition/yolo_subscriber.py -> /home/kevin/ros2_yolo11/build/yolo_recognition/build/lib/yolo_recognition
[0.982s] running install
[0.982s] running install_lib
[0.982s] creating /home/kevin/ros2_yolo11/install/yolo_recognition/lib/python3.10/site-packages/yolo_recognition
[0.983s] copying /home/kevin/ros2_yolo11/build/yolo_recognition/build/lib/yolo_recognition/webcam_publisher.py -> /home/kevin/ros2_yolo11/install/yolo_recognition/lib/python3.10/site-packages/yolo_recognition
[0.983s] copying /home/kevin/ros2_yolo11/build/yolo_recognition/build/lib/yolo_recognition/yolo_subscriber.py -> /home/kevin/ros2_yolo11/install/yolo_recognition/lib/python3.10/site-packages/yolo_recognition
[0.983s] copying /home/kevin/ros2_yolo11/build/yolo_recognition/build/lib/yolo_recognition/__init__.py -> /home/kevin/ros2_yolo11/install/yolo_recognition/lib/python3.10/site-packages/yolo_recognition
[0.983s] byte-compiling /home/kevin/ros2_yolo11/install/yolo_recognition/lib/python3.10/site-packages/yolo_recognition/webcam_publisher.py to webcam_publisher.cpython-310.pyc
[0.984s] byte-compiling /home/kevin/ros2_yolo11/install/yolo_recognition/lib/python3.10/site-packages/yolo_recognition/yolo_subscriber.py to yolo_subscriber.cpython-310.pyc
[0.984s] byte-compiling /home/kevin/ros2_yolo11/install/yolo_recognition/lib/python3.10/site-packages/yolo_recognition/__init__.py to __init__.cpython-310.pyc
[0.984s] running install_data
[0.984s] copying resource/yolo_recognition -> /home/kevin/ros2_yolo11/install/yolo_recognition/share/ament_index/resource_index/packages
[0.985s] copying package.xml -> /home/kevin/ros2_yolo11/install/yolo_recognition/share/yolo_recognition
[0.985s] running install_egg_info
[0.986s] Copying ../../build/yolo_recognition/yolo_recognition.egg-info to /home/kevin/ros2_yolo11/install/yolo_recognition/lib/python3.10/site-packages/yolo_recognition-0.0.0-py3.10.egg-info
[0.986s] running install_scripts
[1.000s] Installing listener script to /home/kevin/ros2_yolo11/install/yolo_recognition/lib/yolo_recognition
[1.000s] Installing talker script to /home/kevin/ros2_yolo11/install/yolo_recognition/lib/yolo_recognition
[1.000s] writing list of installed files to '/home/kevin/ros2_yolo11/build/yolo_recognition/install.log'
[1.019s] Invoked command in '/home/kevin/ros2_yolo11/src/yolo_recognition' returned '0': PYTHONPATH=/home/kevin/ros2_yolo11/build/yolo_recognition/prefix_override:/usr/lib/python3/dist-packages/colcon_core/task/python/colcon_distutils_commands:/home/kevin/ros2_yolo11/install/yolo_recognition/lib/python3.10/site-packages:${PYTHONPATH} /usr/bin/python3 -W ignore:setup.py install is deprecated -W ignore:easy_install command is deprecated setup.py egg_info --egg-base ../../build/yolo_recognition build --build-base /home/kevin/ros2_yolo11/build/yolo_recognition/build install --record /home/kevin/ros2_yolo11/build/yolo_recognition/install.log --single-version-externally-managed install_data --force
