running egg_info
creating ../../build/yolo_recognition/yolo_recognition.egg-info
writing ../../build/yolo_recognition/yolo_recognition.egg-info/PKG-INFO
writing dependency_links to ../../build/yolo_recognition/yolo_recognition.egg-info/dependency_links.txt
writing entry points to ../../build/yolo_recognition/yolo_recognition.egg-info/entry_points.txt
writing requirements to ../../build/yolo_recognition/yolo_recognition.egg-info/requires.txt
writing top-level names to ../../build/yolo_recognition/yolo_recognition.egg-info/top_level.txt
writing manifest file '../../build/yolo_recognition/yolo_recognition.egg-info/SOURCES.txt'
reading manifest file '../../build/yolo_recognition/yolo_recognition.egg-info/SOURCES.txt'
adding license file 'LICENSE'
writing manifest file '../../build/yolo_recognition/yolo_recognition.egg-info/SOURCES.txt'
running build
running build_py
creating /home/kevin/ros2_yolo11/build/yolo_recognition/build
creating /home/kevin/ros2_yolo11/build/yolo_recognition/build/lib
creating /home/kevin/ros2_yolo11/build/yolo_recognition/build/lib/yolo_recognition
copying yolo_recognition/__init__.py -> /home/kevin/ros2_yolo11/build/yolo_recognition/build/lib/yolo_recognition
running install
running install_lib
creating /home/kevin/ros2_yolo11/install/yolo_recognition/lib/python3.10/site-packages/yolo_recognition
copying /home/kevin/ros2_yolo11/build/yolo_recognition/build/lib/yolo_recognition/__init__.py -> /home/kevin/ros2_yolo11/install/yolo_recognition/lib/python3.10/site-packages/yolo_recognition
byte-compiling /home/kevin/ros2_yolo11/install/yolo_recognition/lib/python3.10/site-packages/yolo_recognition/__init__.py to __init__.cpython-310.pyc
running install_data
creating /home/kevin/ros2_yolo11/install/yolo_recognition/share/ament_index
creating /home/kevin/ros2_yolo11/install/yolo_recognition/share/ament_index/resource_index
creating /home/kevin/ros2_yolo11/install/yolo_recognition/share/ament_index/resource_index/packages
copying resource/yolo_recognition -> /home/kevin/ros2_yolo11/install/yolo_recognition/share/ament_index/resource_index/packages
copying package.xml -> /home/kevin/ros2_yolo11/install/yolo_recognition/share/yolo_recognition
running install_egg_info
Copying ../../build/yolo_recognition/yolo_recognition.egg-info to /home/kevin/ros2_yolo11/install/yolo_recognition/lib/python3.10/site-packages/yolo_recognition-0.0.0-py3.10.egg-info
running install_scripts
writing list of installed files to '/home/kevin/ros2_yolo11/build/yolo_recognition/install.log'
