[0.464s] Invoking command in '/home/kevin/ros2_yolo11/src/yolo_recognition': PYTHONPATH=/home/kevin/ros2_yolo11/build/yolo_recognition/prefix_override:/usr/lib/python3/dist-packages/colcon_core/task/python/colcon_distutils_commands:/home/kevin/ros2_yolo11/install/yolo_recognition/lib/python3.10/site-packages:${PYTHONPATH} /usr/bin/python3 -W ignore:setup.py install is deprecated -W ignore:easy_install command is deprecated setup.py egg_info --egg-base ../../build/yolo_recognition build --build-base /home/kevin/ros2_yolo11/build/yolo_recognition/build install --record /home/kevin/ros2_yolo11/build/yolo_recognition/install.log --single-version-externally-managed install_data
[0.605s] running egg_info
[0.605s] creating ../../build/yolo_recognition/yolo_recognition.egg-info
[0.605s] writing ../../build/yolo_recognition/yolo_recognition.egg-info/PKG-INFO
[0.605s] writing dependency_links to ../../build/yolo_recognition/yolo_recognition.egg-info/dependency_links.txt
[0.605s] writing entry points to ../../build/yolo_recognition/yolo_recognition.egg-info/entry_points.txt
[0.605s] writing requirements to ../../build/yolo_recognition/yolo_recognition.egg-info/requires.txt
[0.605s] writing top-level names to ../../build/yolo_recognition/yolo_recognition.egg-info/top_level.txt
[0.605s] writing manifest file '../../build/yolo_recognition/yolo_recognition.egg-info/SOURCES.txt'
[0.605s] reading manifest file '../../build/yolo_recognition/yolo_recognition.egg-info/SOURCES.txt'
[0.605s] adding license file 'LICENSE'
[0.605s] writing manifest file '../../build/yolo_recognition/yolo_recognition.egg-info/SOURCES.txt'
[0.605s] running build
[0.606s] running build_py
[0.606s] creating /home/kevin/ros2_yolo11/build/yolo_recognition/build
[0.606s] creating /home/kevin/ros2_yolo11/build/yolo_recognition/build/lib
[0.606s] creating /home/kevin/ros2_yolo11/build/yolo_recognition/build/lib/yolo_recognition
[0.606s] copying yolo_recognition/__init__.py -> /home/kevin/ros2_yolo11/build/yolo_recognition/build/lib/yolo_recognition
[0.606s] running install
[0.606s] running install_lib
[0.607s] creating /home/kevin/ros2_yolo11/install/yolo_recognition/lib/python3.10/site-packages/yolo_recognition
[0.607s] copying /home/kevin/ros2_yolo11/build/yolo_recognition/build/lib/yolo_recognition/__init__.py -> /home/kevin/ros2_yolo11/install/yolo_recognition/lib/python3.10/site-packages/yolo_recognition
[0.607s] byte-compiling /home/kevin/ros2_yolo11/install/yolo_recognition/lib/python3.10/site-packages/yolo_recognition/__init__.py to __init__.cpython-310.pyc
[0.608s] running install_data
[0.608s] creating /home/kevin/ros2_yolo11/install/yolo_recognition/share/ament_index
[0.608s] creating /home/kevin/ros2_yolo11/install/yolo_recognition/share/ament_index/resource_index
[0.608s] creating /home/kevin/ros2_yolo11/install/yolo_recognition/share/ament_index/resource_index/packages
[0.608s] copying resource/yolo_recognition -> /home/kevin/ros2_yolo11/install/yolo_recognition/share/ament_index/resource_index/packages
[0.608s] copying package.xml -> /home/kevin/ros2_yolo11/install/yolo_recognition/share/yolo_recognition
[0.608s] running install_egg_info
[0.609s] Copying ../../build/yolo_recognition/yolo_recognition.egg-info to /home/kevin/ros2_yolo11/install/yolo_recognition/lib/python3.10/site-packages/yolo_recognition-0.0.0-py3.10.egg-info
[0.609s] running install_scripts
[0.622s] writing list of installed files to '/home/kevin/ros2_yolo11/build/yolo_recognition/install.log'
[0.642s] Invoked command in '/home/kevin/ros2_yolo11/src/yolo_recognition' returned '0': PYTHONPATH=/home/kevin/ros2_yolo11/build/yolo_recognition/prefix_override:/usr/lib/python3/dist-packages/colcon_core/task/python/colcon_distutils_commands:/home/kevin/ros2_yolo11/install/yolo_recognition/lib/python3.10/site-packages:${PYTHONPATH} /usr/bin/python3 -W ignore:setup.py install is deprecated -W ignore:easy_install command is deprecated setup.py egg_info --egg-base ../../build/yolo_recognition build --build-base /home/kevin/ros2_yolo11/build/yolo_recognition/build install --record /home/kevin/ros2_yolo11/build/yolo_recognition/install.log --single-version-externally-managed install_data
