[0.611s] Invoking command in '/home/kevin/ros2_yolo11/build/my_package': PYTHONPATH=/home/kevin/ros2_yolo11/build/my_package/prefix_override:/usr/lib/python3/dist-packages/colcon_core/task/python/colcon_distutils_commands:/home/kevin/ros2_yolo11/install/my_package/lib/python3.10/site-packages:${PYTHONPATH} /usr/bin/python3 -W ignore:setup.py install is deprecated -W ignore:easy_install command is deprecated setup.py develop --uninstall --editable --build-directory /home/kevin/ros2_yolo11/build/my_package/build
[0.769s] running develop
[0.860s] Removing /home/kevin/ros2_yolo11/install/my_package/lib/python3.10/site-packages/my-package.egg-link (link to .)
[0.884s] Invoked command in '/home/kevin/ros2_yolo11/build/my_package' returned '0': PYTHONPATH=/home/kevin/ros2_yolo11/build/my_package/prefix_override:/usr/lib/python3/dist-packages/colcon_core/task/python/colcon_distutils_commands:/home/kevin/ros2_yolo11/install/my_package/lib/python3.10/site-packages:${PYTHONPATH} /usr/bin/python3 -W ignore:setup.py install is deprecated -W ignore:easy_install command is deprecated setup.py develop --uninstall --editable --build-directory /home/kevin/ros2_yolo11/build/my_package/build
[0.886s] Invoking command in '/home/kevin/ros2_yolo11/src/my_package': PYTHONPATH=/home/kevin/ros2_yolo11/build/my_package/prefix_override:/usr/lib/python3/dist-packages/colcon_core/task/python/colcon_distutils_commands:/home/kevin/ros2_yolo11/install/my_package/lib/python3.10/site-packages:${PYTHONPATH} /usr/bin/python3 -W ignore:setup.py install is deprecated -W ignore:easy_install command is deprecated setup.py egg_info --egg-base ../../build/my_package build --build-base /home/kevin/ros2_yolo11/build/my_package/build install --record /home/kevin/ros2_yolo11/build/my_package/install.log --single-version-externally-managed install_data --force
[1.034s] running egg_info
[1.034s] writing ../../build/my_package/my_package.egg-info/PKG-INFO
[1.034s] writing dependency_links to ../../build/my_package/my_package.egg-info/dependency_links.txt
[1.034s] writing entry points to ../../build/my_package/my_package.egg-info/entry_points.txt
[1.034s] writing requirements to ../../build/my_package/my_package.egg-info/requires.txt
[1.035s] writing top-level names to ../../build/my_package/my_package.egg-info/top_level.txt
[1.035s] reading manifest file '../../build/my_package/my_package.egg-info/SOURCES.txt'
[1.042s] adding license file 'LICENSE'
[1.042s] writing manifest file '../../build/my_package/my_package.egg-info/SOURCES.txt'
[1.042s] running build
[1.042s] running build_py
[1.042s] running install
[1.043s] running install_lib
[1.044s] creating /home/kevin/ros2_yolo11/install/my_package/lib/python3.10/site-packages/my_package
[1.044s] copying /home/kevin/ros2_yolo11/build/my_package/build/lib/my_package/my_node.py -> /home/kevin/ros2_yolo11/install/my_package/lib/python3.10/site-packages/my_package
[1.044s] copying /home/kevin/ros2_yolo11/build/my_package/build/lib/my_package/__init__.py -> /home/kevin/ros2_yolo11/install/my_package/lib/python3.10/site-packages/my_package
[1.044s] byte-compiling /home/kevin/ros2_yolo11/install/my_package/lib/python3.10/site-packages/my_package/my_node.py to my_node.cpython-310.pyc
[1.044s] byte-compiling /home/kevin/ros2_yolo11/install/my_package/lib/python3.10/site-packages/my_package/__init__.py to __init__.cpython-310.pyc
[1.044s] running install_data
[1.044s] copying resource/my_package -> /home/kevin/ros2_yolo11/install/my_package/share/ament_index/resource_index/packages
[1.044s] copying package.xml -> /home/kevin/ros2_yolo11/install/my_package/share/my_package
[1.044s] running install_egg_info
[1.044s] Copying ../../build/my_package/my_package.egg-info to /home/kevin/ros2_yolo11/install/my_package/lib/python3.10/site-packages/my_package-0.0.0-py3.10.egg-info
[1.044s] running install_scripts
[1.060s] Installing my_node script to /home/kevin/ros2_yolo11/install/my_package/lib/my_package
[1.060s] writing list of installed files to '/home/kevin/ros2_yolo11/build/my_package/install.log'
[1.095s] Invoked command in '/home/kevin/ros2_yolo11/src/my_package' returned '0': PYTHONPATH=/home/kevin/ros2_yolo11/build/my_package/prefix_override:/usr/lib/python3/dist-packages/colcon_core/task/python/colcon_distutils_commands:/home/kevin/ros2_yolo11/install/my_package/lib/python3.10/site-packages:${PYTHONPATH} /usr/bin/python3 -W ignore:setup.py install is deprecated -W ignore:easy_install command is deprecated setup.py egg_info --egg-base ../../build/my_package build --build-base /home/kevin/ros2_yolo11/build/my_package/build install --record /home/kevin/ros2_yolo11/build/my_package/install.log --single-version-externally-managed install_data --force
