[0.588s] Invoking command in '/home/kevin/ros2_yolo11/src/my_package': PYTHONPATH=/home/kevin/ros2_yolo11/build/my_package/prefix_override:/usr/lib/python3/dist-packages/colcon_core/task/python/colcon_distutils_commands:/home/kevin/ros2_yolo11/install/my_package/lib/python3.10/site-packages:${PYTHONPATH} /usr/bin/python3 -W ignore:setup.py install is deprecated -W ignore:easy_install command is deprecated setup.py egg_info --egg-base ../../build/my_package build --build-base /home/kevin/ros2_yolo11/build/my_package/build install --record /home/kevin/ros2_yolo11/build/my_package/install.log --single-version-externally-managed install_data
[0.738s] running egg_info
[0.739s] creating ../../build/my_package/my_package.egg-info
[0.739s] writing ../../build/my_package/my_package.egg-info/PKG-INFO
[0.739s] writing dependency_links to ../../build/my_package/my_package.egg-info/dependency_links.txt
[0.739s] writing entry points to ../../build/my_package/my_package.egg-info/entry_points.txt
[0.739s] writing requirements to ../../build/my_package/my_package.egg-info/requires.txt
[0.739s] writing top-level names to ../../build/my_package/my_package.egg-info/top_level.txt
[0.739s] writing manifest file '../../build/my_package/my_package.egg-info/SOURCES.txt'
[0.740s] reading manifest file '../../build/my_package/my_package.egg-info/SOURCES.txt'
[0.740s] adding license file 'LICENSE'
[0.741s] writing manifest file '../../build/my_package/my_package.egg-info/SOURCES.txt'
[0.741s] running build
[0.741s] running build_py
[0.741s] creating /home/kevin/ros2_yolo11/build/my_package/build
[0.741s] creating /home/kevin/ros2_yolo11/build/my_package/build/lib
[0.742s] creating /home/kevin/ros2_yolo11/build/my_package/build/lib/my_package
[0.742s] copying my_package/my_node.py -> /home/kevin/ros2_yolo11/build/my_package/build/lib/my_package
[0.743s] copying my_package/__init__.py -> /home/kevin/ros2_yolo11/build/my_package/build/lib/my_package
[0.743s] running install
[0.743s] running install_lib
[0.743s] creating /home/kevin/ros2_yolo11/install/my_package/lib/python3.10/site-packages/my_package
[0.743s] copying /home/kevin/ros2_yolo11/build/my_package/build/lib/my_package/my_node.py -> /home/kevin/ros2_yolo11/install/my_package/lib/python3.10/site-packages/my_package
[0.743s] copying /home/kevin/ros2_yolo11/build/my_package/build/lib/my_package/__init__.py -> /home/kevin/ros2_yolo11/install/my_package/lib/python3.10/site-packages/my_package
[0.744s] byte-compiling /home/kevin/ros2_yolo11/install/my_package/lib/python3.10/site-packages/my_package/my_node.py to my_node.cpython-310.pyc
[0.744s] byte-compiling /home/kevin/ros2_yolo11/install/my_package/lib/python3.10/site-packages/my_package/__init__.py to __init__.cpython-310.pyc
[0.744s] running install_data
[0.744s] creating /home/kevin/ros2_yolo11/install/my_package/share/ament_index
[0.744s] creating /home/kevin/ros2_yolo11/install/my_package/share/ament_index/resource_index
[0.744s] creating /home/kevin/ros2_yolo11/install/my_package/share/ament_index/resource_index/packages
[0.744s] copying resource/my_package -> /home/kevin/ros2_yolo11/install/my_package/share/ament_index/resource_index/packages
[0.744s] copying package.xml -> /home/kevin/ros2_yolo11/install/my_package/share/my_package
[0.744s] running install_egg_info
[0.747s] Copying ../../build/my_package/my_package.egg-info to /home/kevin/ros2_yolo11/install/my_package/lib/python3.10/site-packages/my_package-0.0.0-py3.10.egg-info
[0.747s] running install_scripts
[0.762s] Installing my_node script to /home/kevin/ros2_yolo11/install/my_package/lib/my_package
[0.762s] writing list of installed files to '/home/kevin/ros2_yolo11/build/my_package/install.log'
[0.791s] Invoked command in '/home/kevin/ros2_yolo11/src/my_package' returned '0': PYTHONPATH=/home/kevin/ros2_yolo11/build/my_package/prefix_override:/usr/lib/python3/dist-packages/colcon_core/task/python/colcon_distutils_commands:/home/kevin/ros2_yolo11/install/my_package/lib/python3.10/site-packages:${PYTHONPATH} /usr/bin/python3 -W ignore:setup.py install is deprecated -W ignore:easy_install command is deprecated setup.py egg_info --egg-base ../../build/my_package build --build-base /home/kevin/ros2_yolo11/build/my_package/build install --record /home/kevin/ros2_yolo11/build/my_package/install.log --single-version-externally-managed install_data
