[0.587s] Invoking command in '/home/kevin/ros2_yolo11/src/my_package': PYTHONPATH=/home/kevin/ros2_yolo11/build/my_package/prefix_override:/usr/lib/python3/dist-packages/colcon_core/task/python/colcon_distutils_commands:/home/kevin/ros2_yolo11/install/my_package/lib/python3.10/site-packages:${PYTHONPATH} /usr/bin/python3 -W ignore:setup.py install is deprecated -W ignore:easy_install command is deprecated setup.py egg_info --egg-base ../../build/my_package build --build-base /home/kevin/ros2_yolo11/build/my_package/build install --record /home/kevin/ros2_yolo11/build/my_package/install.log --single-version-externally-managed install_data
[0.741s] running egg_info
[0.741s] writing ../../build/my_package/my_package.egg-info/PKG-INFO
[0.741s] writing dependency_links to ../../build/my_package/my_package.egg-info/dependency_links.txt
[0.741s] writing entry points to ../../build/my_package/my_package.egg-info/entry_points.txt
[0.741s] writing requirements to ../../build/my_package/my_package.egg-info/requires.txt
[0.741s] writing top-level names to ../../build/my_package/my_package.egg-info/top_level.txt
[0.742s] reading manifest file '../../build/my_package/my_package.egg-info/SOURCES.txt'
[0.742s] adding license file 'LICENSE'
[0.743s] writing manifest file '../../build/my_package/my_package.egg-info/SOURCES.txt'
[0.743s] running build
[0.743s] running build_py
[0.743s] running install
[0.743s] running install_lib
[0.744s] running install_data
[0.744s] running install_egg_info
[0.745s] removing '/home/kevin/ros2_yolo11/install/my_package/lib/python3.10/site-packages/my_package-0.0.0-py3.10.egg-info' (and everything under it)
[0.747s] Copying ../../build/my_package/my_package.egg-info to /home/kevin/ros2_yolo11/install/my_package/lib/python3.10/site-packages/my_package-0.0.0-py3.10.egg-info
[0.747s] running install_scripts
[0.762s] Installing my_node script to /home/kevin/ros2_yolo11/install/my_package/lib/my_package
[0.762s] writing list of installed files to '/home/kevin/ros2_yolo11/build/my_package/install.log'
[0.781s] Invoked command in '/home/kevin/ros2_yolo11/src/my_package' returned '0': PYTHONPATH=/home/kevin/ros2_yolo11/build/my_package/prefix_override:/usr/lib/python3/dist-packages/colcon_core/task/python/colcon_distutils_commands:/home/kevin/ros2_yolo11/install/my_package/lib/python3.10/site-packages:${PYTHONPATH} /usr/bin/python3 -W ignore:setup.py install is deprecated -W ignore:easy_install command is deprecated setup.py egg_info --egg-base ../../build/my_package build --build-base /home/kevin/ros2_yolo11/build/my_package/build install --record /home/kevin/ros2_yolo11/build/my_package/install.log --single-version-externally-managed install_data
