[0.108s] DEBUG:colcon:Command line arguments: ['/usr/bin/colcon', 'list', '-p', '--base-paths', '/home/kevin/ros2_yolo11']
[0.108s] DEBUG:colcon:Parsed command line arguments: Namespace(log_base=None, log_level=None, verb_name='list', build_base='build', ignore_user_meta=False, metas=['./colcon.meta'], base_paths=['/home/kevin/ros2_yolo11'], packages_ignore=None, packages_ignore_regex=None, paths=None, packages_up_to=None, packages_up_to_regex=None, packages_above=None, packages_above_and_dependencies=None, packages_above_depth=None, packages_select_by_dep=None, packages_skip_by_dep=None, packages_skip_up_to=None, packages_select_build_failed=False, packages_skip_build_finished=False, packages_select_test_failures=False, packages_skip_test_passed=False, packages_select=None, packages_skip=None, packages_select_regex=None, packages_skip_regex=None, packages_start=None, packages_end=None, allow_overriding=[], topological_order=False, names_only=False, paths_only=True, topological_graph=False, topological_graph_dot=False, topological_graph_density=False, topological_graph_legend=False, topological_graph_dot_cluster=False, topological_graph_dot_include_skipped=False, mixin_files=None, mixin=None, verb_parser=<colcon_mixin.mixin.mixin_argument.MixinArgumentDecorator object at 0x7a7d3feeb6d0>, verb_extension=<colcon_package_information.verb.list.ListVerb object at 0x7a7d3feea950>, main=<bound method ListVerb.main of <colcon_package_information.verb.list.ListVerb object at 0x7a7d3feea950>>, mixin_verb=('list',))
[0.278s] Level 1:colcon.colcon_core.package_discovery:discover_packages(colcon_meta) check parameters
[0.278s] Level 1:colcon.colcon_core.package_discovery:discover_packages(recursive) check parameters
[0.278s] Level 1:colcon.colcon_core.package_discovery:discover_packages(ignore) check parameters
[0.278s] Level 1:colcon.colcon_core.package_discovery:discover_packages(path) check parameters
[0.278s] Level 1:colcon.colcon_core.package_discovery:discover_packages(recursive) discover
[0.278s] INFO:colcon.colcon_core.package_discovery:Crawling recursively for packages in '/home/kevin/ros2_yolo11'
[0.278s] Level 1:colcon.colcon_core.package_identification:_identify(/home/kevin/ros2_yolo11) by extensions ['ignore', 'ignore_ament_install']
[0.278s] Level 1:colcon.colcon_core.package_identification:_identify(/home/kevin/ros2_yolo11) by extension 'ignore'
[0.278s] Level 1:colcon.colcon_core.package_identification:_identify(/home/kevin/ros2_yolo11) by extension 'ignore_ament_install'
[0.278s] Level 1:colcon.colcon_core.package_identification:_identify(/home/kevin/ros2_yolo11) by extensions ['colcon_pkg']
[0.278s] Level 1:colcon.colcon_core.package_identification:_identify(/home/kevin/ros2_yolo11) by extension 'colcon_pkg'
[0.278s] Level 1:colcon.colcon_core.package_identification:_identify(/home/kevin/ros2_yolo11) by extensions ['colcon_meta']
[0.278s] Level 1:colcon.colcon_core.package_identification:_identify(/home/kevin/ros2_yolo11) by extension 'colcon_meta'
[0.278s] Level 1:colcon.colcon_core.package_identification:_identify(/home/kevin/ros2_yolo11) by extensions ['ros']
[0.278s] Level 1:colcon.colcon_core.package_identification:_identify(/home/kevin/ros2_yolo11) by extension 'ros'
[0.289s] Level 1:colcon.colcon_core.package_identification:_identify(/home/kevin/ros2_yolo11) by extensions ['cmake', 'python']
[0.290s] Level 1:colcon.colcon_core.package_identification:_identify(/home/kevin/ros2_yolo11) by extension 'cmake'
[0.290s] Level 1:colcon.colcon_core.package_identification:_identify(/home/kevin/ros2_yolo11) by extension 'python'
[0.290s] Level 1:colcon.colcon_core.package_identification:_identify(/home/kevin/ros2_yolo11) by extensions ['python_setup_py']
[0.290s] Level 1:colcon.colcon_core.package_identification:_identify(/home/kevin/ros2_yolo11) by extension 'python_setup_py'
[0.290s] Level 1:colcon.colcon_core.package_identification:_identify(/home/kevin/ros2_yolo11/build) by extensions ['ignore', 'ignore_ament_install']
[0.290s] Level 1:colcon.colcon_core.package_identification:_identify(/home/kevin/ros2_yolo11/build) by extension 'ignore'
[0.290s] Level 1:colcon.colcon_core.package_identification:_identify(/home/kevin/ros2_yolo11/build) ignored
[0.290s] Level 1:colcon.colcon_core.package_identification:_identify(/home/kevin/ros2_yolo11/install) by extensions ['ignore', 'ignore_ament_install']
[0.290s] Level 1:colcon.colcon_core.package_identification:_identify(/home/kevin/ros2_yolo11/install) by extension 'ignore'
[0.290s] Level 1:colcon.colcon_core.package_identification:_identify(/home/kevin/ros2_yolo11/install) ignored
[0.290s] Level 1:colcon.colcon_core.package_identification:_identify(/home/kevin/ros2_yolo11/log) by extensions ['ignore', 'ignore_ament_install']
[0.290s] Level 1:colcon.colcon_core.package_identification:_identify(/home/kevin/ros2_yolo11/log) by extension 'ignore'
[0.290s] Level 1:colcon.colcon_core.package_identification:_identify(/home/kevin/ros2_yolo11/log) ignored
[0.290s] Level 1:colcon.colcon_core.package_identification:_identify(/home/kevin/ros2_yolo11/src) by extensions ['ignore', 'ignore_ament_install']
[0.290s] Level 1:colcon.colcon_core.package_identification:_identify(/home/kevin/ros2_yolo11/src) by extension 'ignore'
[0.290s] Level 1:colcon.colcon_core.package_identification:_identify(/home/kevin/ros2_yolo11/src) by extension 'ignore_ament_install'
[0.290s] Level 1:colcon.colcon_core.package_identification:_identify(/home/kevin/ros2_yolo11/src) by extensions ['colcon_pkg']
[0.290s] Level 1:colcon.colcon_core.package_identification:_identify(/home/kevin/ros2_yolo11/src) by extension 'colcon_pkg'
[0.290s] Level 1:colcon.colcon_core.package_identification:_identify(/home/kevin/ros2_yolo11/src) by extensions ['colcon_meta']
[0.290s] Level 1:colcon.colcon_core.package_identification:_identify(/home/kevin/ros2_yolo11/src) by extension 'colcon_meta'
[0.290s] Level 1:colcon.colcon_core.package_identification:_identify(/home/kevin/ros2_yolo11/src) by extensions ['ros']
[0.291s] Level 1:colcon.colcon_core.package_identification:_identify(/home/kevin/ros2_yolo11/src) by extension 'ros'
[0.291s] Level 1:colcon.colcon_core.package_identification:_identify(/home/kevin/ros2_yolo11/src) by extensions ['cmake', 'python']
[0.291s] Level 1:colcon.colcon_core.package_identification:_identify(/home/kevin/ros2_yolo11/src) by extension 'cmake'
[0.291s] Level 1:colcon.colcon_core.package_identification:_identify(/home/kevin/ros2_yolo11/src) by extension 'python'
[0.291s] Level 1:colcon.colcon_core.package_identification:_identify(/home/kevin/ros2_yolo11/src) by extensions ['python_setup_py']
[0.291s] Level 1:colcon.colcon_core.package_identification:_identify(/home/kevin/ros2_yolo11/src) by extension 'python_setup_py'
[0.291s] Level 1:colcon.colcon_core.package_identification:_identify(/home/kevin/ros2_yolo11/src/my_package) by extensions ['ignore', 'ignore_ament_install']
[0.291s] Level 1:colcon.colcon_core.package_identification:_identify(/home/kevin/ros2_yolo11/src/my_package) by extension 'ignore'
[0.291s] Level 1:colcon.colcon_core.package_identification:_identify(/home/kevin/ros2_yolo11/src/my_package) by extension 'ignore_ament_install'
[0.291s] Level 1:colcon.colcon_core.package_identification:_identify(/home/kevin/ros2_yolo11/src/my_package) by extensions ['colcon_pkg']
[0.291s] Level 1:colcon.colcon_core.package_identification:_identify(/home/kevin/ros2_yolo11/src/my_package) by extension 'colcon_pkg'
[0.291s] Level 1:colcon.colcon_core.package_identification:_identify(/home/kevin/ros2_yolo11/src/my_package) by extensions ['colcon_meta']
[0.291s] Level 1:colcon.colcon_core.package_identification:_identify(/home/kevin/ros2_yolo11/src/my_package) by extension 'colcon_meta'
[0.291s] Level 1:colcon.colcon_core.package_identification:_identify(/home/kevin/ros2_yolo11/src/my_package) by extensions ['ros']
[0.291s] Level 1:colcon.colcon_core.package_identification:_identify(/home/kevin/ros2_yolo11/src/my_package) by extension 'ros'
[0.296s] DEBUG:colcon.colcon_core.package_identification:Package '/home/kevin/ros2_yolo11/src/my_package' with type 'ros.ament_python' and name 'my_package'
[0.296s] Level 1:colcon.colcon_core.package_identification:_identify(/home/kevin/ros2_yolo11/src/yolo_recognition) by extensions ['ignore', 'ignore_ament_install']
[0.296s] Level 1:colcon.colcon_core.package_identification:_identify(/home/kevin/ros2_yolo11/src/yolo_recognition) by extension 'ignore'
[0.296s] Level 1:colcon.colcon_core.package_identification:_identify(/home/kevin/ros2_yolo11/src/yolo_recognition) by extension 'ignore_ament_install'
[0.296s] Level 1:colcon.colcon_core.package_identification:_identify(/home/kevin/ros2_yolo11/src/yolo_recognition) by extensions ['colcon_pkg']
[0.296s] Level 1:colcon.colcon_core.package_identification:_identify(/home/kevin/ros2_yolo11/src/yolo_recognition) by extension 'colcon_pkg'
[0.296s] Level 1:colcon.colcon_core.package_identification:_identify(/home/kevin/ros2_yolo11/src/yolo_recognition) by extensions ['colcon_meta']
[0.296s] Level 1:colcon.colcon_core.package_identification:_identify(/home/kevin/ros2_yolo11/src/yolo_recognition) by extension 'colcon_meta'
[0.296s] Level 1:colcon.colcon_core.package_identification:_identify(/home/kevin/ros2_yolo11/src/yolo_recognition) by extensions ['ros']
[0.296s] Level 1:colcon.colcon_core.package_identification:_identify(/home/kevin/ros2_yolo11/src/yolo_recognition) by extension 'ros'
[0.297s] DEBUG:colcon.colcon_core.package_identification:Package '/home/kevin/ros2_yolo11/src/yolo_recognition' with type 'ros.ament_python' and name 'yolo_recognition'
[0.297s] Level 1:colcon.colcon_core.package_discovery:discover_packages(recursive) using defaults
