[0.594s] Invoking command in '/home/kevin/ros2_yolo11/build/yolo_recognition': PYTHONPATH=/home/kevin/ros2_yolo11/build/yolo_recognition/prefix_override:/usr/lib/python3/dist-packages/colcon_core/task/python/colcon_distutils_commands:/home/kevin/ros2_yolo11/install/yolo_recognition/lib/python3.10/site-packages:${PYTHONPATH} /usr/bin/python3 -W ignore:setup.py install is deprecated -W ignore:easy_install command is deprecated setup.py develop --uninstall --editable --build-directory /home/kevin/ros2_yolo11/build/yolo_recognition/build
[0.759s] running develop
[0.850s] Removing /home/kevin/ros2_yolo11/install/yolo_recognition/lib/python3.10/site-packages/yolo-recognition.egg-link (link to .)
[0.875s] Invoked command in '/home/kevin/ros2_yolo11/build/yolo_recognition' returned '0': PYTHONPATH=/home/kevin/ros2_yolo11/build/yolo_recognition/prefix_override:/usr/lib/python3/dist-packages/colcon_core/task/python/colcon_distutils_commands:/home/kevin/ros2_yolo11/install/yolo_recognition/lib/python3.10/site-packages:${PYTHONPATH} /usr/bin/python3 -W ignore:setup.py install is deprecated -W ignore:easy_install command is deprecated setup.py develop --uninstall --editable --build-directory /home/kevin/ros2_yolo11/build/yolo_recognition/build
[0.876s] Invoking command in '/home/kevin/ros2_yolo11/src/yolo_recognition': PYTHONPATH=/home/kevin/ros2_yolo11/build/yolo_recognition/prefix_override:/usr/lib/python3/dist-packages/colcon_core/task/python/colcon_distutils_commands:/home/kevin/ros2_yolo11/install/yolo_recognition/lib/python3.10/site-packages:${PYTHONPATH} /usr/bin/python3 -W ignore:setup.py install is deprecated -W ignore:easy_install command is deprecated setup.py egg_info --egg-base ../../build/yolo_recognition build --build-base /home/kevin/ros2_yolo11/build/yolo_recognition/build install --record /home/kevin/ros2_yolo11/build/yolo_recognition/install.log --single-version-externally-managed install_data --force
[1.020s] running egg_info
[1.020s] writing ../../build/yolo_recognition/yolo_recognition.egg-info/PKG-INFO
[1.020s] writing dependency_links to ../../build/yolo_recognition/yolo_recognition.egg-info/dependency_links.txt
[1.021s] writing entry points to ../../build/yolo_recognition/yolo_recognition.egg-info/entry_points.txt
[1.021s] writing requirements to ../../build/yolo_recognition/yolo_recognition.egg-info/requires.txt
[1.021s] writing top-level names to ../../build/yolo_recognition/yolo_recognition.egg-info/top_level.txt
[1.022s] reading manifest file '../../build/yolo_recognition/yolo_recognition.egg-info/SOURCES.txt'
[1.024s] adding license file 'LICENSE'
[1.024s] writing manifest file '../../build/yolo_recognition/yolo_recognition.egg-info/SOURCES.txt'
[1.026s] running build
[1.026s] running build_py
[1.026s] copying yolo_recognition/webcam_publisher.py -> /home/kevin/ros2_yolo11/build/yolo_recognition/build/lib/yolo_recognition
[1.027s] copying yolo_recognition/yolo_subscriber.py -> /home/kevin/ros2_yolo11/build/yolo_recognition/build/lib/yolo_recognition
[1.028s] running install
[1.029s] running install_lib
[1.029s] creating /home/kevin/ros2_yolo11/install/yolo_recognition/lib/python3.10/site-packages/yolo_recognition
[1.029s] copying /home/kevin/ros2_yolo11/build/yolo_recognition/build/lib/yolo_recognition/webcam_publisher.py -> /home/kevin/ros2_yolo11/install/yolo_recognition/lib/python3.10/site-packages/yolo_recognition
[1.029s] copying /home/kevin/ros2_yolo11/build/yolo_recognition/build/lib/yolo_recognition/yolo_subscriber.py -> /home/kevin/ros2_yolo11/install/yolo_recognition/lib/python3.10/site-packages/yolo_recognition
[1.029s] copying /home/kevin/ros2_yolo11/build/yolo_recognition/build/lib/yolo_recognition/__init__.py -> /home/kevin/ros2_yolo11/install/yolo_recognition/lib/python3.10/site-packages/yolo_recognition
[1.029s] byte-compiling /home/kevin/ros2_yolo11/install/yolo_recognition/lib/python3.10/site-packages/yolo_recognition/webcam_publisher.py to webcam_publisher.cpython-310.pyc
[1.029s] byte-compiling /home/kevin/ros2_yolo11/install/yolo_recognition/lib/python3.10/site-packages/yolo_recognition/yolo_subscriber.py to yolo_subscriber.cpython-310.pyc
[1.031s] byte-compiling /home/kevin/ros2_yolo11/install/yolo_recognition/lib/python3.10/site-packages/yolo_recognition/__init__.py to __init__.cpython-310.pyc
[1.031s] running install_data
[1.031s] copying resource/yolo_recognition -> /home/kevin/ros2_yolo11/install/yolo_recognition/share/ament_index/resource_index/packages
[1.031s] copying package.xml -> /home/kevin/ros2_yolo11/install/yolo_recognition/share/yolo_recognition
[1.031s] running install_egg_info
[1.032s] Copying ../../build/yolo_recognition/yolo_recognition.egg-info to /home/kevin/ros2_yolo11/install/yolo_recognition/lib/python3.10/site-packages/yolo_recognition-0.0.0-py3.10.egg-info
[1.032s] running install_scripts
[1.048s] Installing listener script to /home/kevin/ros2_yolo11/install/yolo_recognition/lib/yolo_recognition
[1.048s] Installing talker script to /home/kevin/ros2_yolo11/install/yolo_recognition/lib/yolo_recognition
[1.048s] writing list of installed files to '/home/kevin/ros2_yolo11/build/yolo_recognition/install.log'
[1.072s] Invoked command in '/home/kevin/ros2_yolo11/src/yolo_recognition' returned '0': PYTHONPATH=/home/kevin/ros2_yolo11/build/yolo_recognition/prefix_override:/usr/lib/python3/dist-packages/colcon_core/task/python/colcon_distutils_commands:/home/kevin/ros2_yolo11/install/yolo_recognition/lib/python3.10/site-packages:${PYTHONPATH} /usr/bin/python3 -W ignore:setup.py install is deprecated -W ignore:easy_install command is deprecated setup.py egg_info --egg-base ../../build/yolo_recognition build --build-base /home/kevin/ros2_yolo11/build/yolo_recognition/build install --record /home/kevin/ros2_yolo11/build/yolo_recognition/install.log --single-version-externally-managed install_data --force
